2016/02/03 1:45:48 にビルドを開始しました。
     1>ノード 2 上のプロジェクト "C:\Users\yuki\Documents\MHC\MHCraft\UnlimitedRespawnBravers\UnlimitedRespawnBravers.vcxproj" (Build ターゲット)。
     1>ClCompile:
         C:\Program Files (x86)\Microsoft Visual Studio 12.0\VC\bin\CL.exe /c /IC:\Users\yuki\Documents\MHC\MHCraft\packages\cpplinq.2013.08.10\build\native\../..//build/native/include/ /ZI /nologo /W3 /WX- /sdl /Od /Oy- /D _MBCS /D NOMINMAX /Gm /EHsc /RTC1 /MTd /GS /fp:precise /Zc:wchar_t /Zc:forScope /Fo"Debug\\" /Fd"Debug\vc120.pdb" /Gd /TP /showIncludes /analyze- /errorReport:prompt NowLoading.cpp
         NowLoading.cpp
         メモ: インクルード ファイル:  c:\users\yuki\documents\mhc\mhcraft\unlimitedrespawnbravers\NowLoading.h
         メモ: インクルード ファイル:  C:\Program Files (x86)\DxLib\DxLib.h
         メモ: インクルード ファイル:   c:\program files (x86)\dxlib\DxCompileConfig.h
         メモ: インクルード ファイル:    c:\program files (x86)\dxlib\DxDataType.h
         メモ: インクルード ファイル:     c:\program files (x86)\dxlib\DxCompileConfig.h
         メモ: インクルード ファイル:     C:\Program Files (x86)\Microsoft Visual Studio 12.0\VC\include\stdio.h
         メモ: インクルード ファイル:      C:\Program Files (x86)\Microsoft Visual Studio 12.0\VC\include\crtdefs.h
         メモ: インクルード ファイル:       C:\Program Files (x86)\Microsoft Visual Studio 12.0\VC\include\sal.h
         メモ: インクルード ファイル:        C:\Program Files (x86)\Microsoft Visual Studio 12.0\VC\include\ConcurrencySal.h
         メモ: インクルード ファイル:       C:\Program Files (x86)\Microsoft Visual Studio 12.0\VC\include\vadefs.h
         メモ: インクルード ファイル:      C:\Program Files (x86)\Microsoft Visual Studio 12.0\VC\include\swprintf.inl
         メモ: インクルード ファイル:     c:\program files (x86)\dxlib\DxDataTypeWin.h
         メモ: インクルード ファイル:      c:\program files (x86)\dxlib\DxCompileConfig.h
         メモ: インクルード ファイル:      C:\Program Files (x86)\Microsoft Visual Studio 12.0\VC\include\tchar.h
         メモ: インクルード ファイル:       C:\Program Files (x86)\Microsoft Visual Studio 12.0\VC\include\crtdefs.h
         メモ: インクルード ファイル:       C:\Program Files (x86)\Microsoft Visual Studio 12.0\VC\include\string.h
         メモ: インクルード ファイル:        C:\Program Files (x86)\Microsoft Visual Studio 12.0\VC\include\crtdefs.h
         メモ: インクルード ファイル:       C:\Program Files (x86)\Microsoft Visual Studio 12.0\VC\include\mbstring.h
         メモ: インクルード ファイル:        C:\Program Files (x86)\Microsoft Visual Studio 12.0\VC\include\crtdefs.h
         メモ: インクルード ファイル:      C:\Program Files (x86)\Windows Kits\8.1\Include\um\windows.h
         メモ: インクルード ファイル:       C:\Program Files (x86)\Windows Kits\8.1\Include\shared\winapifamily.h
         メモ: インクルード ファイル:       C:\Program Files (x86)\Windows Kits\8.1\Include\shared\sdkddkver.h
         メモ: インクルード ファイル:       C:\Program Files (x86)\Microsoft Visual Studio 12.0\VC\include\excpt.h
         メモ: インクルード ファイル:        C:\Program Files (x86)\Microsoft Visual Studio 12.0\VC\include\crtdefs.h
         メモ: インクルード ファイル:       C:\Program Files (x86)\Microsoft Visual Studio 12.0\VC\include\stdarg.h
         メモ: インクルード ファイル:        C:\Program Files (x86)\Microsoft Visual Studio 12.0\VC\include\crtdefs.h
         メモ: インクルード ファイル:       C:\Program Files (x86)\Windows Kits\8.1\Include\shared\windef.h
         メモ: インクルード ファイル:        C:\Program Files (x86)\Windows Kits\8.1\Include\shared\minwindef.h
         メモ: インクルード ファイル:         C:\Program Files (x86)\Windows Kits\8.1\Include\shared\specstrings.h
         メモ: インクルード ファイル:          C:\Program Files (x86)\Windows Kits\8.1\Include\shared\specstrings_strict.h
         メモ: インクルード ファイル:           C:\Program Files (x86)\Windows Kits\8.1\Include\shared\specstrings_undef.h
         メモ: インクルード ファイル:          C:\Program Files (x86)\Windows Kits\8.1\Include\shared\driverspecs.h
         メモ: インクルード ファイル:           c:\program files (x86)\windows kits\8.1\include\shared\sdv_driverspecs.h
         メモ: インクルード ファイル:         C:\Program Files (x86)\Windows Kits\8.1\Include\um\winnt.h
         メモ: インクルード ファイル:          C:\Program Files (x86)\Microsoft Visual Studio 12.0\VC\include\ctype.h
         メモ: インクルード ファイル:           C:\Program Files (x86)\Microsoft Visual Studio 12.0\VC\include\crtdefs.h
         メモ: インクルード ファイル:          C:\Program Files (x86)\Windows Kits\8.1\Include\shared\kernelspecs.h
         メモ: インクルード ファイル:          C:\Program Files (x86)\Windows Kits\8.1\Include\shared\basetsd.h
         メモ: インクルード ファイル:          C:\Program Files (x86)\Windows Kits\8.1\Include\shared\guiddef.h
         メモ: インクルード ファイル:          c:\program files (x86)\windows kits\8.1\include\shared\pshpack4.h
         メモ: インクルード ファイル:          c:\program files (x86)\windows kits\8.1\include\shared\poppack.h
         メモ: インクルード ファイル:          c:\program files (x86)\windows kits\8.1\include\shared\pshpack4.h
         メモ: インクルード ファイル:          c:\program files (x86)\windows kits\8.1\include\shared\poppack.h
         メモ: インクルード ファイル:          C:\Program Files (x86)\Windows Kits\8.1\Include\shared\pshpack4.h
         メモ: インクルード ファイル:          C:\Program Files (x86)\Windows Kits\8.1\Include\shared\poppack.h
         メモ: インクルード ファイル:          c:\program files (x86)\windows kits\8.1\include\shared\pshpack4.h
         メモ: インクルード ファイル:          c:\program files (x86)\windows kits\8.1\include\shared\pshpack2.h
         メモ: インクルード ファイル:          c:\program files (x86)\windows kits\8.1\include\shared\poppack.h
         メモ: インクルード ファイル:          c:\program files (x86)\windows kits\8.1\include\shared\pshpack2.h
         メモ: インクルード ファイル:          C:\Program Files (x86)\Windows Kits\8.1\Include\shared\pshpack2.h
         メモ: インクルード ファイル:          C:\Program Files (x86)\Windows Kits\8.1\Include\shared\poppack.h
         メモ: インクルード ファイル:          c:\program files (x86)\windows kits\8.1\include\shared\poppack.h
         メモ: インクルード ファイル:          c:\program files (x86)\windows kits\8.1\include\shared\pshpack8.h
         メモ: インクルード ファイル:          c:\program files (x86)\windows kits\8.1\include\shared\poppack.h
         メモ: インクルード ファイル:          c:\program files (x86)\windows kits\8.1\include\shared\poppack.h
         メモ: インクルード ファイル:          C:\Program Files (x86)\Windows Kits\8.1\Include\shared\apiset.h
         メモ: インクルード ファイル:          C:\Program Files (x86)\Windows Kits\8.1\Include\shared\ktmtypes.h
         メモ: インクルード ファイル:       C:\Program Files (x86)\Windows Kits\8.1\Include\um\winbase.h
         メモ: インクルード ファイル:        C:\Program Files (x86)\Windows Kits\8.1\Include\shared\apisetcconv.h
         メモ: インクルード ファイル:        C:\Program Files (x86)\Windows Kits\8.1\Include\um\minwinbase.h
         メモ: インクルード ファイル:        C:\Program Files (x86)\Windows Kits\8.1\Include\um\processenv.h
         メモ: インクルード ファイル:        C:\Program Files (x86)\Windows Kits\8.1\Include\um\fileapi.h
         メモ: インクルード ファイル:        C:\Program Files (x86)\Windows Kits\8.1\Include\um\debugapi.h
         メモ: インクルード ファイル:        C:\Program Files (x86)\Windows Kits\8.1\Include\um\utilapiset.h
         メモ: インクルード ファイル:        C:\Program Files (x86)\Windows Kits\8.1\Include\um\handleapi.h
         メモ: インクルード ファイル:        C:\Program Files (x86)\Windows Kits\8.1\Include\um\errhandlingapi.h
         メモ: インクルード ファイル:        C:\Program Files (x86)\Windows Kits\8.1\Include\um\fibersapi.h
         メモ: インクルード ファイル:        C:\Program Files (x86)\Windows Kits\8.1\Include\um\namedpipeapi.h
         メモ: インクルード ファイル:        C:\Program Files (x86)\Windows Kits\8.1\Include\um\profileapi.h
         メモ: インクルード ファイル:        C:\Program Files (x86)\Windows Kits\8.1\Include\um\heapapi.h
         メモ: インクルード ファイル:        C:\Program Files (x86)\Windows Kits\8.1\Include\um\ioapiset.h
         メモ: インクルード ファイル:        C:\Program Files (x86)\Windows Kits\8.1\Include\um\synchapi.h
         メモ: インクルード ファイル:        C:\Program Files (x86)\Windows Kits\8.1\Include\um\interlockedapi.h
         メモ: インクルード ファイル:        C:\Program Files (x86)\Windows Kits\8.1\Include\um\processthreadsapi.h
         メモ: インクルード ファイル:        C:\Program Files (x86)\Windows Kits\8.1\Include\um\sysinfoapi.h
         メモ: インクルード ファイル:        C:\Program Files (x86)\Windows Kits\8.1\Include\um\memoryapi.h
         メモ: インクルード ファイル:        C:\Program Files (x86)\Windows Kits\8.1\Include\um\threadpoollegacyapiset.h
         メモ: インクルード ファイル:        C:\Program Files (x86)\Windows Kits\8.1\Include\um\threadpoolapiset.h
         メモ: インクルード ファイル:        C:\Program Files (x86)\Windows Kits\8.1\Include\um\bemapiset.h
         メモ: インクルード ファイル:        C:\Program Files (x86)\Windows Kits\8.1\Include\um\jobapi.h
         メモ: インクルード ファイル:        C:\Program Files (x86)\Windows Kits\8.1\Include\um\wow64apiset.h
         メモ: インクルード ファイル:        C:\Program Files (x86)\Windows Kits\8.1\Include\um\libloaderapi.h
         メモ: インクルード ファイル:        C:\Program Files (x86)\Windows Kits\8.1\Include\um\securitybaseapi.h
         メモ: インクルード ファイル:        C:\Program Files (x86)\Windows Kits\8.1\Include\um\namespaceapi.h
         メモ: インクルード ファイル:        C:\Program Files (x86)\Windows Kits\8.1\Include\um\systemtopologyapi.h
         メモ: インクルード ファイル:        C:\Program Files (x86)\Windows Kits\8.1\Include\um\processtopologyapi.h
         メモ: インクルード ファイル:        C:\Program Files (x86)\Windows Kits\8.1\Include\um\securityappcontainer.h
         メモ: インクルード ファイル:        C:\Program Files (x86)\Windows Kits\8.1\Include\um\realtimeapiset.h
         メモ: インクルード ファイル:        C:\Program Files (x86)\Windows Kits\8.1\Include\shared\winerror.h
         メモ: インクルード ファイル:        C:\Program Files (x86)\Windows Kits\8.1\Include\um\timezoneapi.h
         メモ: インクルード ファイル:       C:\Program Files (x86)\Windows Kits\8.1\Include\um\wingdi.h
         メモ: インクルード ファイル:        C:\Program Files (x86)\Windows Kits\8.1\Include\shared\pshpack1.h
         メモ: インクルード ファイル:        C:\Program Files (x86)\Windows Kits\8.1\Include\shared\poppack.h
         メモ: インクルード ファイル:        C:\Program Files (x86)\Windows Kits\8.1\Include\shared\pshpack2.h
         メモ: インクルード ファイル:        C:\Program Files (x86)\Windows Kits\8.1\Include\shared\poppack.h
         メモ: インクルード ファイル:        C:\Program Files (x86)\Windows Kits\8.1\Include\shared\pshpack2.h
         メモ: インクルード ファイル:        C:\Program Files (x86)\Windows Kits\8.1\Include\shared\poppack.h
         メモ: インクルード ファイル:        C:\Program Files (x86)\Windows Kits\8.1\Include\shared\pshpack4.h
         メモ: インクルード ファイル:        C:\Program Files (x86)\Windows Kits\8.1\Include\shared\poppack.h
         メモ: インクルード ファイル:        C:\Program Files (x86)\Windows Kits\8.1\Include\shared\pshpack4.h
         メモ: インクルード ファイル:        C:\Program Files (x86)\Windows Kits\8.1\Include\shared\poppack.h
         メモ: インクルード ファイル:       C:\Program Files (x86)\Windows Kits\8.1\Include\um\winuser.h
         メモ: インクルード ファイル:        C:\Program Files (x86)\Windows Kits\8.1\Include\shared\pshpack2.h
         メモ: インクルード ファイル:        C:\Program Files (x86)\Windows Kits\8.1\Include\shared\poppack.h
         メモ: インクルード ファイル:        C:\Program Files (x86)\Windows Kits\8.1\Include\shared\tvout.h
         メモ: インクルード ファイル:       C:\Program Files (x86)\Windows Kits\8.1\Include\um\winnls.h
         メモ: インクルード ファイル:        C:\Program Files (x86)\Windows Kits\8.1\Include\um\datetimeapi.h
         メモ: インクルード ファイル:        C:\Program Files (x86)\Windows Kits\8.1\Include\um\stringapiset.h
         メモ: インクルード ファイル:         C:\Program Files (x86)\Windows Kits\8.1\Include\um\winnls.h
         メモ: インクルード ファイル:       C:\Program Files (x86)\Windows Kits\8.1\Include\um\wincon.h
         メモ: インクルード ファイル:        C:\Program Files (x86)\Windows Kits\8.1\Include\um\consoleapi.h
         メモ: インクルード ファイル:       C:\Program Files (x86)\Windows Kits\8.1\Include\um\winver.h
         メモ: インクルード ファイル:        C:\Program Files (x86)\Windows Kits\8.1\Include\um\verrsrc.h
         メモ: インクルード ファイル:       C:\Program Files (x86)\Windows Kits\8.1\Include\um\winreg.h
         メモ: インクルード ファイル:        C:\Program Files (x86)\Windows Kits\8.1\Include\um\reason.h
         メモ: インクルード ファイル:       C:\Program Files (x86)\Windows Kits\8.1\Include\um\winnetwk.h
         メモ: インクルード ファイル:        C:\Program Files (x86)\Windows Kits\8.1\Include\shared\wnnc.h
         メモ: インクルード ファイル:       C:\Program Files (x86)\Windows Kits\8.1\Include\shared\cderr.h
         メモ: インクルード ファイル:       C:\Program Files (x86)\Windows Kits\8.1\Include\um\dde.h
         メモ: インクルード ファイル:       C:\Program Files (x86)\Windows Kits\8.1\Include\um\ddeml.h
         メモ: インクルード ファイル:       C:\Program Files (x86)\Windows Kits\8.1\Include\um\dlgs.h
         メモ: インクルード ファイル:       C:\Program Files (x86)\Windows Kits\8.1\Include\um\lzexpand.h
         メモ: インクルード ファイル:       C:\Program Files (x86)\Windows Kits\8.1\Include\um\mmsystem.h
         メモ: インクルード ファイル:        C:\Program Files (x86)\Windows Kits\8.1\Include\um\mmsyscom.h
         メモ: インクルード ファイル:         C:\Program Files (x86)\Windows Kits\8.1\Include\shared\pshpack1.h
         メモ: インクルード ファイル:         C:\Program Files (x86)\Windows Kits\8.1\Include\shared\poppack.h
         メモ: インクルード ファイル:        C:\Program Files (x86)\Windows Kits\8.1\Include\shared\pshpack1.h
         メモ: インクルード ファイル:        C:\Program Files (x86)\Windows Kits\8.1\Include\um\mciapi.h
         メモ: インクルード ファイル:         C:\Program Files (x86)\Windows Kits\8.1\Include\um\mmsyscom.h
         メモ: インクルード ファイル:        C:\Program Files (x86)\Windows Kits\8.1\Include\um\mmiscapi.h
         メモ: インクルード ファイル:         C:\Program Files (x86)\Windows Kits\8.1\Include\um\mmsyscom.h
         メモ: インクルード ファイル:        C:\Program Files (x86)\Windows Kits\8.1\Include\um\mmiscapi2.h
         メモ: インクルード ファイル:         C:\Program Files (x86)\Windows Kits\8.1\Include\um\mmsyscom.h
         メモ: インクルード ファイル:        C:\Program Files (x86)\Windows Kits\8.1\Include\um\playsoundapi.h
         メモ: インクルード ファイル:         C:\Program Files (x86)\Windows Kits\8.1\Include\um\mmsyscom.h
         メモ: インクルード ファイル:        C:\Program Files (x86)\Windows Kits\8.1\Include\um\mmeapi.h
         メモ: インクルード ファイル:         C:\Program Files (x86)\Windows Kits\8.1\Include\um\mmsyscom.h
         メモ: インクルード ファイル:        C:\Program Files (x86)\Windows Kits\8.1\Include\um\timeapi.h
         メモ: インクルード ファイル:         C:\Program Files (x86)\Windows Kits\8.1\Include\um\mmsyscom.h
         メモ: インクルード ファイル:        C:\Program Files (x86)\Windows Kits\8.1\Include\um\joystickapi.h
         メモ: インクルード ファイル:         C:\Program Files (x86)\Windows Kits\8.1\Include\um\mmsyscom.h
         メモ: インクルード ファイル:        C:\Program Files (x86)\Windows Kits\8.1\Include\shared\poppack.h
         メモ: インクルード ファイル:       C:\Program Files (x86)\Windows Kits\8.1\Include\um\nb30.h
         メモ: インクルード ファイル:       C:\Program Files (x86)\Windows Kits\8.1\Include\shared\rpc.h
         メモ: インクルード ファイル:        C:\Program Files (x86)\Windows Kits\8.1\Include\shared\rpcdce.h
         メモ: インクルード ファイル:         C:\Program Files (x86)\Windows Kits\8.1\Include\shared\rpcdcep.h
         メモ: インクルード ファイル:        C:\Program Files (x86)\Windows Kits\8.1\Include\um\rpcnsi.h
         メモ: インクルード ファイル:        C:\Program Files (x86)\Windows Kits\8.1\Include\shared\rpcnterr.h
         メモ: インクルード ファイル:        C:\Program Files (x86)\Windows Kits\8.1\Include\shared\rpcasync.h
         メモ: インクルード ファイル:       C:\Program Files (x86)\Windows Kits\8.1\Include\um\shellapi.h
         メモ: インクルード ファイル:        C:\Program Files (x86)\Windows Kits\8.1\Include\shared\pshpack1.h
         メモ: インクルード ファイル:        C:\Program Files (x86)\Windows Kits\8.1\Include\shared\poppack.h
         メモ: インクルード ファイル:       C:\Program Files (x86)\Windows Kits\8.1\Include\um\winperf.h
         メモ: インクルード ファイル:        C:\Program Files (x86)\Windows Kits\8.1\Include\shared\pshpack8.h
         メモ: インクルード ファイル:        C:\Program Files (x86)\Windows Kits\8.1\Include\shared\poppack.h
         メモ: インクルード ファイル:       C:\Program Files (x86)\Windows Kits\8.1\Include\um\winsock.h
         メモ: インクルード ファイル:        C:\Program Files (x86)\Windows Kits\8.1\Include\shared\inaddr.h
         メモ: インクルード ファイル:       C:\Program Files (x86)\Windows Kits\8.1\Include\um\wincrypt.h
         メモ: インクルード ファイル:        C:\Program Files (x86)\Windows Kits\8.1\Include\shared\bcrypt.h
         メモ: インクルード ファイル:        C:\Program Files (x86)\Windows Kits\8.1\Include\um\ncrypt.h
         メモ: インクルード ファイル:        C:\Program Files (x86)\Windows Kits\8.1\Include\um\dpapi.h
         メモ: インクルード ファイル:       C:\Program Files (x86)\Windows Kits\8.1\Include\um\winefs.h
         メモ: インクルード ファイル:       C:\Program Files (x86)\Windows Kits\8.1\Include\um\winscard.h
         メモ: インクルード ファイル:        C:\Program Files (x86)\Windows Kits\8.1\Include\shared\wtypes.h
         メモ: インクルード ファイル:         c:\program files (x86)\windows kits\8.1\include\shared\rpcndr.h
         メモ: インクルード ファイル:          C:\Program Files (x86)\Windows Kits\8.1\Include\shared\pshpack8.h
         メモ: インクルード ファイル:          C:\Program Files (x86)\Windows Kits\8.1\Include\um\rpcnsip.h
         メモ: インクルード ファイル:          C:\Program Files (x86)\Windows Kits\8.1\Include\shared\rpcsal.h
         メモ: インクルード ファイル:          C:\Program Files (x86)\Windows Kits\8.1\Include\shared\poppack.h
         メモ: インクルード ファイル:         c:\program files (x86)\windows kits\8.1\include\shared\wtypesbase.h
         メモ: インクルード ファイル:          c:\program files (x86)\windows kits\8.1\include\shared\guiddef.h
         メモ: インクルード ファイル:        C:\Program Files (x86)\Windows Kits\8.1\Include\um\winioctl.h
         メモ: インクルード ファイル:         C:\Program Files (x86)\Windows Kits\8.1\Include\shared\pshpack1.h
         メモ: インクルード ファイル:         C:\Program Files (x86)\Windows Kits\8.1\Include\shared\poppack.h
         メモ: インクルード ファイル:         C:\Program Files (x86)\Windows Kits\8.1\Include\shared\pshpack1.h
         メモ: インクルード ファイル:         C:\Program Files (x86)\Windows Kits\8.1\Include\shared\poppack.h
         メモ: インクルード ファイル:         C:\Program Files (x86)\Windows Kits\8.1\Include\shared\pshpack1.h
         メモ: インクルード ファイル:         C:\Program Files (x86)\Windows Kits\8.1\Include\shared\poppack.h
         メモ: インクルード ファイル:         C:\Program Files (x86)\Windows Kits\8.1\Include\shared\pshpack1.h
         メモ: インクルード ファイル:         C:\Program Files (x86)\Windows Kits\8.1\Include\shared\poppack.h
         メモ: インクルード ファイル:         C:\Program Files (x86)\Windows Kits\8.1\Include\shared\pshpack1.h
         メモ: インクルード ファイル:         C:\Program Files (x86)\Windows Kits\8.1\Include\shared\poppack.h
         メモ: インクルード ファイル:         C:\Program Files (x86)\Windows Kits\8.1\Include\shared\pshpack1.h
         メモ: インクルード ファイル:         C:\Program Files (x86)\Windows Kits\8.1\Include\shared\poppack.h
         メモ: インクルード ファイル:         C:\Program Files (x86)\Windows Kits\8.1\Include\shared\pshpack1.h
         メモ: インクルード ファイル:         C:\Program Files (x86)\Windows Kits\8.1\Include\shared\poppack.h
         メモ: インクルード ファイル:        C:\Program Files (x86)\Windows Kits\8.1\Include\shared\winsmcrd.h
         メモ: インクルード ファイル:       C:\Program Files (x86)\Windows Kits\8.1\Include\um\winspool.h
         メモ: インクルード ファイル:        C:\Program Files (x86)\Windows Kits\8.1\Include\um\prsht.h
         メモ: インクルード ファイル:         C:\Program Files (x86)\Windows Kits\8.1\Include\shared\pshpack4.h
         メモ: インクルード ファイル:         C:\Program Files (x86)\Windows Kits\8.1\Include\shared\poppack.h
         メモ: インクルード ファイル:       C:\Program Files (x86)\Windows Kits\8.1\Include\um\ole2.h
         メモ: インクルード ファイル:        C:\Program Files (x86)\Windows Kits\8.1\Include\shared\pshpack8.h
         メモ: インクルード ファイル:        C:\Program Files (x86)\Windows Kits\8.1\Include\um\objbase.h
         メモ: インクルード ファイル:         C:\Program Files (x86)\Windows Kits\8.1\Include\shared\pshpack8.h
         メモ: インクルード ファイル:         C:\Program Files (x86)\Windows Kits\8.1\Include\um\combaseapi.h
         メモ: インクルード ファイル:          C:\Program Files (x86)\Windows Kits\8.1\Include\shared\pshpack8.h
         メモ: インクルード ファイル:          C:\Program Files (x86)\Microsoft Visual Studio 12.0\VC\include\stdlib.h
         メモ: インクルード ファイル:           C:\Program Files (x86)\Microsoft Visual Studio 12.0\VC\include\crtdefs.h
         メモ: インクルード ファイル:           C:\Program Files (x86)\Microsoft Visual Studio 12.0\VC\include\limits.h
         メモ: インクルード ファイル:            C:\Program Files (x86)\Microsoft Visual Studio 12.0\VC\include\crtdefs.h
         メモ: インクルード ファイル:          C:\Program Files (x86)\Windows Kits\8.1\Include\um\unknwnbase.h
         メモ: インクルード ファイル:          C:\Program Files (x86)\Windows Kits\8.1\Include\um\objidlbase.h
         メモ: インクルード ファイル:          C:\Program Files (x86)\Windows Kits\8.1\Include\shared\guiddef.h
         メモ: インクルード ファイル:          C:\Program Files (x86)\Windows Kits\8.1\Include\um\cguid.h
         メモ: インクルード ファイル:          C:\Program Files (x86)\Windows Kits\8.1\Include\shared\poppack.h
         メモ: インクルード ファイル:         C:\Program Files (x86)\Windows Kits\8.1\Include\um\objidl.h
         メモ: インクルード ファイル:          c:\program files (x86)\windows kits\8.1\include\um\unknwn.h
         メモ: インクルード ファイル:         C:\Program Files (x86)\Windows Kits\8.1\Include\um\urlmon.h
         メモ: インクルード ファイル:          c:\program files (x86)\windows kits\8.1\include\um\oleidl.h
         メモ: インクルード ファイル:          c:\program files (x86)\windows kits\8.1\include\um\servprov.h
         メモ: インクルード ファイル:          c:\program files (x86)\windows kits\8.1\include\um\msxml.h
         メモ: インクルード ファイル:           c:\program files (x86)\windows kits\8.1\include\um\oaidl.h
         メモ: インクルード ファイル:         C:\Program Files (x86)\Windows Kits\8.1\Include\um\propidl.h
         メモ: インクルード ファイル:         C:\Program Files (x86)\Windows Kits\8.1\Include\shared\poppack.h
         メモ: インクルード ファイル:        C:\Program Files (x86)\Windows Kits\8.1\Include\um\oleauto.h
         メモ: インクルード ファイル:         C:\Program Files (x86)\Windows Kits\8.1\Include\shared\pshpack8.h
         メモ: インクルード ファイル:         C:\Program Files (x86)\Windows Kits\8.1\Include\shared\poppack.h
         メモ: インクルード ファイル:        C:\Program Files (x86)\Windows Kits\8.1\Include\shared\poppack.h
         メモ: インクルード ファイル:       C:\Program Files (x86)\Windows Kits\8.1\Include\um\commdlg.h
         メモ: インクルード ファイル:        C:\Program Files (x86)\Windows Kits\8.1\Include\um\prsht.h
         メモ: インクルード ファイル:        C:\Program Files (x86)\Windows Kits\8.1\Include\shared\pshpack1.h
         メモ: インクルード ファイル:        C:\Program Files (x86)\Windows Kits\8.1\Include\shared\poppack.h
         メモ: インクルード ファイル:       C:\Program Files (x86)\Windows Kits\8.1\Include\shared\stralign.h
         メモ: インクルード ファイル:       C:\Program Files (x86)\Windows Kits\8.1\Include\um\winsvc.h
         メモ: インクルード ファイル:       C:\Program Files (x86)\Windows Kits\8.1\Include\um\mcx.h
         メモ: インクルード ファイル:       C:\Program Files (x86)\Windows Kits\8.1\Include\um\imm.h
         メモ: インクルード ファイル:        C:\Program Files (x86)\Windows Kits\8.1\Include\um\ime_cmodes.h
         メモ: インクルード ファイル:      C:\Program Files (x86)\Windows Kits\8.1\Include\um\commctrl.h
         メモ: インクルード ファイル:       C:\Program Files (x86)\Windows Kits\8.1\Include\um\prsht.h
         メモ: インクルード ファイル:       C:\Program Files (x86)\Windows Kits\8.1\Include\shared\pshpack1.h
         メモ: インクルード ファイル:       C:\Program Files (x86)\Windows Kits\8.1\Include\shared\poppack.h
         メモ: インクルード ファイル:       C:\Program Files (x86)\Windows Kits\8.1\Include\shared\pshpack1.h
         メモ: インクルード ファイル:       C:\Program Files (x86)\Windows Kits\8.1\Include\shared\poppack.h
         メモ: インクルード ファイル:       C:\Program Files (x86)\Windows Kits\8.1\Include\shared\pshpack1.h
         メモ: インクルード ファイル:       C:\Program Files (x86)\Windows Kits\8.1\Include\shared\poppack.h
         メモ: インクルード ファイル:       C:\Program Files (x86)\Windows Kits\8.1\Include\shared\pshpack1.h
         メモ: インクルード ファイル:       C:\Program Files (x86)\Windows Kits\8.1\Include\shared\poppack.h
         メモ: インクルード ファイル:       C:\Program Files (x86)\Windows Kits\8.1\Include\shared\pshpack1.h
         メモ: インクルード ファイル:       C:\Program Files (x86)\Windows Kits\8.1\Include\shared\poppack.h
         メモ: インクルード ファイル:   c:\program files (x86)\dxlib\DxFunctionWin.h
         メモ: インクルード ファイル:  C:\Program Files (x86)\Microsoft Visual Studio 12.0\VC\include\assert.h
         メモ: インクルード ファイル:   C:\Program Files (x86)\Microsoft Visual Studio 12.0\VC\include\crtdefs.h
     1>c:\users\yuki\documents\mhc\mhcraft\unlimitedrespawnbravers\nowloading.cpp(15): warning C4244: '=' : 'int' から 'float' への変換です。データが失われる可能性があります。
     1>c:\users\yuki\documents\mhc\mhcraft\unlimitedrespawnbravers\nowloading.cpp(31): warning C4244: '引数' : 'float' から 'int' への変換です。データが失われる可能性があります。
       Link:
         C:\Program Files (x86)\Microsoft Visual Studio 12.0\VC\bin\link.exe /ERRORREPORT:PROMPT /OUT:"C:\Users\yuki\Documents\MHC\MHCraft\Debug\UnlimitedRespawnBravers.exe" /INCREMENTAL /NOLOGO kernel32.lib user32.lib gdi32.lib winspool.lib comdlg32.lib advapi32.lib shell32.lib ole32.lib oleaut32.lib uuid.lib odbc32.lib odbccp32.lib /MANIFEST /MANIFESTUAC:"level='asInvoker' uiAccess='false'" /manifest:embed /DEBUG /PDB:"C:\Users\yuki\Documents\MHC\MHCraft\Debug\UnlimitedRespawnBravers.pdb" /TLBID:1 /DYNAMICBASE /NXCOMPAT /IMPLIB:"C:\Users\yuki\Documents\MHC\MHCraft\Debug\UnlimitedRespawnBravers.lib" /MACHINE:X86 Debug\BaseEffect.obj
         Debug\CharacterImageData.obj
         Debug\CharacterManager.obj
         Debug\DamageAreaCircle.obj
         Debug\AbstractDamageArea.obj
         Debug\DamageAreaManager.obj
         Debug\DamageAreaRectangle.obj
         Debug\Debug.obj
         Debug\DeviceManager.obj
         Debug\Enemy.obj
         Debug\EnemyGhost.obj
         Debug\EnemyKingPumpkin.obj
         Debug\EnemyManager.obj
         Debug\Enemy_Test.obj
         Debug\ErrorCheck.obj
         Debug\FlagManager.obj
         Debug\GameMain.obj
         Debug\GamePad.obj
         Debug\GCircle.obj
         Debug\GMath.obj
         Debug\GSystem.obj
         Debug\ImageData.obj
         Debug\ImageRenderer.obj
         Debug\InputManager.obj
         Debug\InputState.obj
         Debug\IScenes.obj
         Debug\AItem.obj
         Debug\ItemLolipop.obj
         Debug\ItemManager.obj
         Debug\Keyboard.obj
         Debug\Macro.obj
         Debug\Main.obj
         Debug\Managers.obj
         Debug\NowLoading.obj
         Debug\Player.obj
         Debug\PlayerManager.obj
         Debug\PostEffect.obj
         Debug\Random.obj
         Debug\Rectangle.obj
         Debug\SceneManager.obj
         Debug\SoundData.obj
         Debug\SoundRenderer.obj
         Debug\TextureMapping.obj
         Debug\Timer.obj
         Debug\Title.obj
         Debug\UI.obj
         Debug\Vec2.obj
         UnlimitedRespawnBravers.vcxproj -> C:\Users\yuki\Documents\MHC\MHCraft\Debug\UnlimitedRespawnBravers.exe
     1>プロジェクト "C:\Users\yuki\Documents\MHC\MHCraft\UnlimitedRespawnBravers\UnlimitedRespawnBravers.vcxproj" (Build ターゲット) のビルドが完了しました。

ビルドに成功しました。

経過時間 00:00:01.83
